
*** Running vivado
    with args -log artyz7_bd_xbar_0.vds -m64 -product Vivado -mode batch -messageDb vivado.pb -notrace -source artyz7_bd_xbar_0.tcl


****** Vivado v2020.2 (64-bit)
  **** SW Build 3064766 on Wed Nov 18 09:12:47 MST 2020
  **** IP Build 3064653 on Wed Nov 18 14:17:31 MST 2020
    ** Copyright 1986-2020 Xilinx, Inc. All Rights Reserved.

source artyz7_bd_xbar_0.tcl -notrace
Command: synth_design -top artyz7_bd_xbar_0 -part xc7z020clg400-1 -mode out_of_context
Starting synth_design
Attempting to get a license for feature 'Synthesis' and/or device 'xc7z020'
INFO: [Common 17-349] Got license for feature 'Synthesis' and/or device 'xc7z020'
INFO: [Device 21-403] Loading part xc7z020clg400-1
INFO: [Synth 8-7079] Multithreading enabled for synth_design using a maximum of 4 processes.
INFO: [Synth 8-7078] Launching helper process for spawning children vivado processes
INFO: [Synth 8-7075] Helper process launched with PID 21167
---------------------------------------------------------------------------------
Starting RTL Elaboration : Time (s): cpu = 00:00:07 ; elapsed = 00:00:14 . Memory (MB): peak = 2452.461 ; gain = 0.000 ; free physical = 17733 ; free virtual = 24788
---------------------------------------------------------------------------------
INFO: [Synth 8-6157] synthesizing module 'artyz7_bd_xbar_0' [/home/parallels/artyz7_dsp_2020-2/artyz7_dsp_2020-2.gen/sources_1/bd/artyz7_bd/ip/artyz7_bd_xbar_0/synth/artyz7_bd_xbar_0.v:59]
INFO: [Synth 8-6157] synthesizing module 'axi_crossbar_v2_1_23_axi_crossbar' [/home/parallels/artyz7_dsp_2020-2/artyz7_dsp_2020-2.gen/sources_1/bd/artyz7_bd/ipshared/bc0a/hdl/axi_crossbar_v2_1_vl_rfs.v:4884]
	Parameter C_FAMILY bound to: zynq - type: string 
	Parameter C_NUM_SLAVE_SLOTS bound to: 1 - type: integer 
	Parameter C_NUM_MASTER_SLOTS bound to: 4 - type: integer 
	Parameter C_AXI_ID_WIDTH bound to: 1 - type: integer 
	Parameter C_AXI_ADDR_WIDTH bound to: 32 - type: integer 
	Parameter C_AXI_DATA_WIDTH bound to: 32 - type: integer 
	Parameter C_AXI_PROTOCOL bound to: 2 - type: integer 
	Parameter C_NUM_ADDR_RANGES bound to: 1 - type: integer 
	Parameter C_M_AXI_BASE_ADDR bound to: 256'b0000000000000000000000000000000001000001001000100000000000000000000000000000000000000000000000000100000100100001000000000000000000000000000000000000000000000000010000011110000000000000000000000000000000000000000000000000000001000001001000000000000000000000 
	Parameter C_M_AXI_ADDR_WIDTH bound to: 128'b00000000000000000000000000010000000000000000000000000000000100000000000000000000000000000001000000000000000000000000000000010000 
	Parameter C_S_AXI_BASE_ID bound to: 0 - type: integer 
	Parameter C_S_AXI_THREAD_ID_WIDTH bound to: 0 - type: integer 
	Parameter C_AXI_SUPPORTS_USER_SIGNALS bound to: 0 - type: integer 
	Parameter C_AXI_AWUSER_WIDTH bound to: 1 - type: integer 
	Parameter C_AXI_ARUSER_WIDTH bound to: 1 - type: integer 
	Parameter C_AXI_WUSER_WIDTH bound to: 1 - type: integer 
	Parameter C_AXI_RUSER_WIDTH bound to: 1 - type: integer 
	Parameter C_AXI_BUSER_WIDTH bound to: 1 - type: integer 
	Parameter C_M_AXI_WRITE_CONNECTIVITY bound to: 128'b00000000000000000000000000000001000000000000000000000000000000010000000000000000000000000000000100000000000000000000000000000001 
	Parameter C_M_AXI_READ_CONNECTIVITY bound to: 128'b00000000000000000000000000000001000000000000000000000000000000010000000000000000000000000000000100000000000000000000000000000001 
	Parameter C_R_REGISTER bound to: 1 - type: integer 
	Parameter C_S_AXI_SINGLE_THREAD bound to: 1 - type: integer 
	Parameter C_S_AXI_WRITE_ACCEPTANCE bound to: 1 - type: integer 
	Parameter C_S_AXI_READ_ACCEPTANCE bound to: 1 - type: integer 
	Parameter C_M_AXI_WRITE_ISSUING bound to: 128'b00000000000000000000000000000001000000000000000000000000000000010000000000000000000000000000000100000000000000000000000000000001 
	Parameter C_M_AXI_READ_ISSUING bound to: 128'b00000000000000000000000000000001000000000000000000000000000000010000000000000000000000000000000100000000000000000000000000000001 
	Parameter C_S_AXI_ARB_PRIORITY bound to: 0 - type: integer 
	Parameter C_M_AXI_SECURE bound to: 128'b00000000000000000000000000000000000000000000000000000000000000000000000000000000000000000000000000000000000000000000000000000000 
	Parameter C_CONNECTIVITY_MODE bound to: 0 - type: integer 
	Parameter P_ONES bound to: 65'b11111111111111111111111111111111111111111111111111111111111111111 
	Parameter P_S_AXI_BASE_ID bound to: 64'b0000000000000000000000000000000000000000000000000000000000000000 
	Parameter P_S_AXI_HIGH_ID bound to: 64'b0000000000000000000000000000000000000000000000000000000000000000 
	Parameter P_AXI4 bound to: 0 - type: integer 
	Parameter P_AXI3 bound to: 1 - type: integer 
	Parameter P_AXILITE bound to: 2 - type: integer 
	Parameter P_AXILITE_SIZE bound to: 3'b010 
	Parameter P_INCR bound to: 2'b01 
	Parameter P_M_AXI_SUPPORTS_WRITE bound to: 4'b1111 
	Parameter P_M_AXI_SUPPORTS_READ bound to: 4'b1111 
	Parameter P_S_AXI_SUPPORTS_WRITE bound to: 1'b1 
	Parameter P_S_AXI_SUPPORTS_READ bound to: 1'b1 
	Parameter C_DEBUG bound to: 1 - type: integer 
	Parameter P_RANGE_CHECK bound to: 1 - type: integer 
	Parameter P_ADDR_DECODE bound to: 1 - type: integer 
	Parameter P_M_AXI_ERR_MODE bound to: 128'b00000000000000000000000000000000000000000000000000000000000000000000000000000000000000000000000000000000000000000000000000000000 
	Parameter P_LEN bound to: 8 - type: integer 
	Parameter P_LOCK bound to: 1 - type: integer 
	Parameter P_FAMILY bound to: zynq - type: string 
INFO: [Synth 8-6157] synthesizing module 'axi_crossbar_v2_1_23_crossbar_sasd' [/home/parallels/artyz7_dsp_2020-2/artyz7_dsp_2020-2.gen/sources_1/bd/artyz7_bd/ipshared/bc0a/hdl/axi_crossbar_v2_1_vl_rfs.v:1240]
	Parameter C_FAMILY bound to: zynq - type: string 
	Parameter C_NUM_SLAVE_SLOTS bound to: 1 - type: integer 
	Parameter C_NUM_MASTER_SLOTS bound to: 4 - type: integer 
	Parameter C_NUM_ADDR_RANGES bound to: 1 - type: integer 
	Parameter C_AXI_ID_WIDTH bound to: 1 - type: integer 
	Parameter C_AXI_ADDR_WIDTH bound to: 32 - type: integer 
	Parameter C_AXI_DATA_WIDTH bound to: 32 - type: integer 
	Parameter C_AXI_PROTOCOL bound to: 2 - type: integer 
	Parameter C_M_AXI_BASE_ADDR bound to: 256'b0000000000000000000000000000000001000001001000100000000000000000000000000000000000000000000000000100000100100001000000000000000000000000000000000000000000000000010000011110000000000000000000000000000000000000000000000000000001000001001000000000000000000000 
	Parameter C_M_AXI_HIGH_ADDR bound to: 256'b0000000000000000000000000000000001000001001000101111111111111111000000000000000000000000000000000100000100100001111111111111111100000000000000000000000000000000010000011110000011111111111111110000000000000000000000000000000001000001001000001111111111111111 
	Parameter C_S_AXI_BASE_ID bound to: 64'b0000000000000000000000000000000000000000000000000000000000000000 
	Parameter C_S_AXI_HIGH_ID bound to: 64'b0000000000000000000000000000000000000000000000000000000000000000 
	Parameter C_AXI_SUPPORTS_USER_SIGNALS bound to: 0 - type: integer 
	Parameter C_AXI_AWUSER_WIDTH bound to: 1 - type: integer 
	Parameter C_AXI_ARUSER_WIDTH bound to: 1 - type: integer 
	Parameter C_AXI_WUSER_WIDTH bound to: 1 - type: integer 
	Parameter C_AXI_RUSER_WIDTH bound to: 1 - type: integer 
	Parameter C_AXI_BUSER_WIDTH bound to: 1 - type: integer 
	Parameter C_S_AXI_SUPPORTS_WRITE bound to: 1'b1 
	Parameter C_S_AXI_SUPPORTS_READ bound to: 1'b1 
	Parameter C_M_AXI_SUPPORTS_WRITE bound to: 4'b1111 
	Parameter C_M_AXI_SUPPORTS_READ bound to: 4'b1111 
	Parameter C_S_AXI_ARB_PRIORITY bound to: 0 - type: integer 
	Parameter C_M_AXI_SECURE bound to: 128'b00000000000000000000000000000000000000000000000000000000000000000000000000000000000000000000000000000000000000000000000000000000 
	Parameter C_M_AXI_ERR_MODE bound to: 128'b00000000000000000000000000000000000000000000000000000000000000000000000000000000000000000000000000000000000000000000000000000000 
	Parameter C_R_REGISTER bound to: 1 - type: integer 
	Parameter C_RANGE_CHECK bound to: 1 - type: integer 
	Parameter C_ADDR_DECODE bound to: 1 - type: integer 
	Parameter C_DEBUG bound to: 1 - type: integer 
	Parameter P_AXI4 bound to: 0 - type: integer 
	Parameter P_AXI3 bound to: 1 - type: integer 
	Parameter P_AXILITE bound to: 2 - type: integer 
	Parameter P_NUM_MASTER_SLOTS_DE bound to: 5 - type: integer 
	Parameter P_NUM_MASTER_SLOTS_LOG bound to: 2 - type: integer 
	Parameter P_NUM_MASTER_SLOTS_DE_LOG bound to: 3 - type: integer 
	Parameter P_NUM_SLAVE_SLOTS_LOG bound to: 1 - type: integer 
	Parameter P_AXI_AUSER_WIDTH bound to: 1 - type: integer 
	Parameter P_AXI_WID_WIDTH bound to: 1 - type: integer 
	Parameter P_AMESG_WIDTH bound to: 64 - type: integer 
	Parameter P_BMESG_WIDTH bound to: 3 - type: integer 
	Parameter P_RMESG_WIDTH bound to: 36 - type: integer 
	Parameter P_WMESG_WIDTH bound to: 39 - type: integer 
	Parameter P_AXILITE_ERRMODE bound to: 1 - type: integer 
	Parameter P_NONSECURE_BIT bound to: 1 - type: integer 
	Parameter P_M_SECURE_MASK bound to: 4'b0000 
	Parameter P_M_AXILITE_MASK bound to: 4'b0000 
	Parameter P_FIXED bound to: 2'b00 
	Parameter P_BYPASS bound to: 0 - type: integer 
	Parameter P_LIGHTWT bound to: 7 - type: integer 
	Parameter P_FULLY_REG bound to: 1 - type: integer 
	Parameter P_R_REG_CONFIG bound to: 1 - type: integer 
	Parameter P_DECERR bound to: 2'b11 
INFO: [Synth 8-6157] synthesizing module 'axi_crossbar_v2_1_23_addr_decoder' [/home/parallels/artyz7_dsp_2020-2/artyz7_dsp_2020-2.gen/sources_1/bd/artyz7_bd/ipshared/bc0a/hdl/axi_crossbar_v2_1_vl_rfs.v:794]
	Parameter C_FAMILY bound to: zynq - type: string 
	Parameter C_NUM_TARGETS bound to: 4 - type: integer 
	Parameter C_NUM_TARGETS_LOG bound to: 2 - type: integer 
	Parameter C_NUM_RANGES bound to: 1 - type: integer 
	Parameter C_ADDR_WIDTH bound to: 32 - type: integer 
	Parameter C_TARGET_ENC bound to: 1 - type: integer 
	Parameter C_TARGET_HOT bound to: 1 - type: integer 
	Parameter C_REGION_ENC bound to: 1 - type: integer 
	Parameter C_BASE_ADDR bound to: 256'b0000000000000000000000000000000001000001001000100000000000000000000000000000000000000000000000000100000100100001000000000000000000000000000000000000000000000000010000011110000000000000000000000000000000000000000000000000000001000001001000000000000000000000 
	Parameter C_HIGH_ADDR bound to: 256'b0000000000000000000000000000000001000001001000101111111111111111000000000000000000000000000000000100000100100001111111111111111100000000000000000000000000000000010000011110000011111111111111110000000000000000000000000000000001000001001000001111111111111111 
	Parameter C_TARGET_QUAL bound to: 5'b01111 
	Parameter C_RESOLUTION bound to: 2 - type: integer 
	Parameter C_COMPARATOR_THRESHOLD bound to: 6 - type: integer 
INFO: [Synth 8-6157] synthesizing module 'generic_baseblocks_v2_1_0_comparator_static' [/home/parallels/artyz7_dsp_2020-2/artyz7_dsp_2020-2.gen/sources_1/bd/artyz7_bd/ipshared/b752/hdl/generic_baseblocks_v2_1_vl_rfs.v:2133]
	Parameter C_FAMILY bound to: rtl - type: string 
	Parameter C_VALUE bound to: 30'b010000010010000000000000000000 
	Parameter C_DATA_WIDTH bound to: 30 - type: integer 
	Parameter C_BITS_PER_LUT bound to: 6 - type: integer 
	Parameter C_NUM_LUT bound to: 5 - type: integer 
	Parameter C_FIX_DATA_WIDTH bound to: 30 - type: integer 
INFO: [Synth 8-6157] synthesizing module 'generic_baseblocks_v2_1_0_carry_and' [/home/parallels/artyz7_dsp_2020-2/artyz7_dsp_2020-2.gen/sources_1/bd/artyz7_bd/ipshared/b752/hdl/generic_baseblocks_v2_1_vl_rfs.v:62]
	Parameter C_FAMILY bound to: rtl - type: string 
INFO: [Synth 8-6155] done synthesizing module 'generic_baseblocks_v2_1_0_carry_and' (1#1) [/home/parallels/artyz7_dsp_2020-2/artyz7_dsp_2020-2.gen/sources_1/bd/artyz7_bd/ipshared/b752/hdl/generic_baseblocks_v2_1_vl_rfs.v:62]
INFO: [Synth 8-6155] done synthesizing module 'generic_baseblocks_v2_1_0_comparator_static' (2#1) [/home/parallels/artyz7_dsp_2020-2/artyz7_dsp_2020-2.gen/sources_1/bd/artyz7_bd/ipshared/b752/hdl/generic_baseblocks_v2_1_vl_rfs.v:2133]
INFO: [Synth 8-6157] synthesizing module 'generic_baseblocks_v2_1_0_comparator_static__parameterized0' [/home/parallels/artyz7_dsp_2020-2/artyz7_dsp_2020-2.gen/sources_1/bd/artyz7_bd/ipshared/b752/hdl/generic_baseblocks_v2_1_vl_rfs.v:2133]
	Parameter C_FAMILY bound to: rtl - type: string 
	Parameter C_VALUE bound to: 30'b010000011110000000000000000000 
	Parameter C_DATA_WIDTH bound to: 30 - type: integer 
	Parameter C_BITS_PER_LUT bound to: 6 - type: integer 
	Parameter C_NUM_LUT bound to: 5 - type: integer 
	Parameter C_FIX_DATA_WIDTH bound to: 30 - type: integer 
INFO: [Synth 8-6155] done synthesizing module 'generic_baseblocks_v2_1_0_comparator_static__parameterized0' (2#1) [/home/parallels/artyz7_dsp_2020-2/artyz7_dsp_2020-2.gen/sources_1/bd/artyz7_bd/ipshared/b752/hdl/generic_baseblocks_v2_1_vl_rfs.v:2133]
INFO: [Synth 8-6157] synthesizing module 'generic_baseblocks_v2_1_0_comparator_static__parameterized1' [/home/parallels/artyz7_dsp_2020-2/artyz7_dsp_2020-2.gen/sources_1/bd/artyz7_bd/ipshared/b752/hdl/generic_baseblocks_v2_1_vl_rfs.v:2133]
	Parameter C_FAMILY bound to: rtl - type: string 
	Parameter C_VALUE bound to: 30'b010000010010000100000000000000 
	Parameter C_DATA_WIDTH bound to: 30 - type: integer 
	Parameter C_BITS_PER_LUT bound to: 6 - type: integer 
	Parameter C_NUM_LUT bound to: 5 - type: integer 
	Parameter C_FIX_DATA_WIDTH bound to: 30 - type: integer 
INFO: [Synth 8-6155] done synthesizing module 'generic_baseblocks_v2_1_0_comparator_static__parameterized1' (2#1) [/home/parallels/artyz7_dsp_2020-2/artyz7_dsp_2020-2.gen/sources_1/bd/artyz7_bd/ipshared/b752/hdl/generic_baseblocks_v2_1_vl_rfs.v:2133]
INFO: [Synth 8-6157] synthesizing module 'generic_baseblocks_v2_1_0_comparator_static__parameterized2' [/home/parallels/artyz7_dsp_2020-2/artyz7_dsp_2020-2.gen/sources_1/bd/artyz7_bd/ipshared/b752/hdl/generic_baseblocks_v2_1_vl_rfs.v:2133]
	Parameter C_FAMILY bound to: rtl - type: string 
	Parameter C_VALUE bound to: 30'b010000010010001000000000000000 
	Parameter C_DATA_WIDTH bound to: 30 - type: integer 
	Parameter C_BITS_PER_LUT bound to: 6 - type: integer 
	Parameter C_NUM_LUT bound to: 5 - type: integer 
	Parameter C_FIX_DATA_WIDTH bound to: 30 - type: integer 
INFO: [Synth 8-6155] done synthesizing module 'generic_baseblocks_v2_1_0_comparator_static__parameterized2' (2#1) [/home/parallels/artyz7_dsp_2020-2/artyz7_dsp_2020-2.gen/sources_1/bd/artyz7_bd/ipshared/b752/hdl/generic_baseblocks_v2_1_vl_rfs.v:2133]
INFO: [Synth 8-6155] done synthesizing module 'axi_crossbar_v2_1_23_addr_decoder' (3#1) [/home/parallels/artyz7_dsp_2020-2/artyz7_dsp_2020-2.gen/sources_1/bd/artyz7_bd/ipshared/bc0a/hdl/axi_crossbar_v2_1_vl_rfs.v:794]
INFO: [Synth 8-6157] synthesizing module 'axi_crossbar_v2_1_23_decerr_slave' [/home/parallels/artyz7_dsp_2020-2/artyz7_dsp_2020-2.gen/sources_1/bd/artyz7_bd/ipshared/bc0a/hdl/axi_crossbar_v2_1_vl_rfs.v:3501]
	Parameter C_AXI_ID_WIDTH bound to: 1 - type: integer 
	Parameter C_AXI_DATA_WIDTH bound to: 32 - type: integer 
	Parameter C_AXI_BUSER_WIDTH bound to: 1 - type: integer 
	Parameter C_AXI_RUSER_WIDTH bound to: 1 - type: integer 
	Parameter C_AXI_PROTOCOL bound to: 2 - type: integer 
	Parameter C_RESP bound to: 3 - type: integer 
	Parameter P_WRITE_IDLE bound to: 2'b00 
	Parameter P_WRITE_DATA bound to: 2'b01 
	Parameter P_WRITE_RESP bound to: 2'b10 
	Parameter P_READ_IDLE bound to: 1'b0 
	Parameter P_READ_DATA bound to: 1'b1 
	Parameter P_AXI4 bound to: 0 - type: integer 
	Parameter P_AXI3 bound to: 1 - type: integer 
	Parameter P_AXILITE bound to: 2 - type: integer 
INFO: [Synth 8-6155] done synthesizing module 'axi_crossbar_v2_1_23_decerr_slave' (4#1) [/home/parallels/artyz7_dsp_2020-2/artyz7_dsp_2020-2.gen/sources_1/bd/artyz7_bd/ipshared/bc0a/hdl/axi_crossbar_v2_1_vl_rfs.v:3501]
INFO: [Synth 8-6157] synthesizing module 'axi_crossbar_v2_1_23_addr_arbiter_sasd' [/home/parallels/artyz7_dsp_2020-2/artyz7_dsp_2020-2.gen/sources_1/bd/artyz7_bd/ipshared/bc0a/hdl/axi_crossbar_v2_1_vl_rfs.v:65]
	Parameter C_FAMILY bound to: zynq - type: string 
	Parameter C_NUM_S bound to: 1 - type: integer 
	Parameter C_NUM_S_LOG bound to: 1 - type: integer 
	Parameter C_AMESG_WIDTH bound to: 64 - type: integer 
	Parameter C_GRANT_ENC bound to: 1 - type: integer 
	Parameter C_ARB_PRIORITY bound to: 0 - type: integer 
	Parameter P_PRIO_MASK bound to: 1'b0 
INFO: [Synth 8-6155] done synthesizing module 'axi_crossbar_v2_1_23_addr_arbiter_sasd' (5#1) [/home/parallels/artyz7_dsp_2020-2/artyz7_dsp_2020-2.gen/sources_1/bd/artyz7_bd/ipshared/bc0a/hdl/axi_crossbar_v2_1_vl_rfs.v:65]
INFO: [Synth 8-6157] synthesizing module 'axi_crossbar_v2_1_23_splitter' [/home/parallels/artyz7_dsp_2020-2/artyz7_dsp_2020-2.gen/sources_1/bd/artyz7_bd/ipshared/bc0a/hdl/axi_crossbar_v2_1_vl_rfs.v:4461]
	Parameter C_NUM_M bound to: 3 - type: integer 
INFO: [Synth 8-6155] done synthesizing module 'axi_crossbar_v2_1_23_splitter' (6#1) [/home/parallels/artyz7_dsp_2020-2/artyz7_dsp_2020-2.gen/sources_1/bd/artyz7_bd/ipshared/bc0a/hdl/axi_crossbar_v2_1_vl_rfs.v:4461]
INFO: [Synth 8-6157] synthesizing module 'axi_crossbar_v2_1_23_splitter__parameterized0' [/home/parallels/artyz7_dsp_2020-2/artyz7_dsp_2020-2.gen/sources_1/bd/artyz7_bd/ipshared/bc0a/hdl/axi_crossbar_v2_1_vl_rfs.v:4461]
	Parameter C_NUM_M bound to: 2 - type: integer 
INFO: [Synth 8-6155] done synthesizing module 'axi_crossbar_v2_1_23_splitter__parameterized0' (6#1) [/home/parallels/artyz7_dsp_2020-2/artyz7_dsp_2020-2.gen/sources_1/bd/artyz7_bd/ipshared/bc0a/hdl/axi_crossbar_v2_1_vl_rfs.v:4461]
INFO: [Synth 8-6157] synthesizing module 'generic_baseblocks_v2_1_0_mux_enc' [/home/parallels/artyz7_dsp_2020-2/artyz7_dsp_2020-2.gen/sources_1/bd/artyz7_bd/ipshared/b752/hdl/generic_baseblocks_v2_1_vl_rfs.v:2452]
	Parameter C_FAMILY bound to: rtl - type: string 
	Parameter C_RATIO bound to: 5 - type: integer 
	Parameter C_SEL_WIDTH bound to: 3 - type: integer 
	Parameter C_DATA_WIDTH bound to: 1 - type: integer 
INFO: [Synth 8-6155] done synthesizing module 'generic_baseblocks_v2_1_0_mux_enc' (7#1) [/home/parallels/artyz7_dsp_2020-2/artyz7_dsp_2020-2.gen/sources_1/bd/artyz7_bd/ipshared/b752/hdl/generic_baseblocks_v2_1_vl_rfs.v:2452]
INFO: [Synth 8-6157] synthesizing module 'generic_baseblocks_v2_1_0_mux_enc__parameterized0' [/home/parallels/artyz7_dsp_2020-2/artyz7_dsp_2020-2.gen/sources_1/bd/artyz7_bd/ipshared/b752/hdl/generic_baseblocks_v2_1_vl_rfs.v:2452]
	Parameter C_FAMILY bound to: rtl - type: string 
	Parameter C_RATIO bound to: 1 - type: integer 
	Parameter C_SEL_WIDTH bound to: 1 - type: integer 
	Parameter C_DATA_WIDTH bound to: 1 - type: integer 
INFO: [Synth 8-6155] done synthesizing module 'generic_baseblocks_v2_1_0_mux_enc__parameterized0' (7#1) [/home/parallels/artyz7_dsp_2020-2/artyz7_dsp_2020-2.gen/sources_1/bd/artyz7_bd/ipshared/b752/hdl/generic_baseblocks_v2_1_vl_rfs.v:2452]
INFO: [Synth 8-6157] synthesizing module 'generic_baseblocks_v2_1_0_mux_enc__parameterized1' [/home/parallels/artyz7_dsp_2020-2/artyz7_dsp_2020-2.gen/sources_1/bd/artyz7_bd/ipshared/b752/hdl/generic_baseblocks_v2_1_vl_rfs.v:2452]
	Parameter C_FAMILY bound to: rtl - type: string 
	Parameter C_RATIO bound to: 5 - type: integer 
	Parameter C_SEL_WIDTH bound to: 3 - type: integer 
	Parameter C_DATA_WIDTH bound to: 36 - type: integer 
INFO: [Synth 8-6155] done synthesizing module 'generic_baseblocks_v2_1_0_mux_enc__parameterized1' (7#1) [/home/parallels/artyz7_dsp_2020-2/artyz7_dsp_2020-2.gen/sources_1/bd/artyz7_bd/ipshared/b752/hdl/generic_baseblocks_v2_1_vl_rfs.v:2452]
INFO: [Synth 8-6157] synthesizing module 'axi_register_slice_v2_1_22_axic_register_slice' [/home/parallels/artyz7_dsp_2020-2/artyz7_dsp_2020-2.gen/sources_1/bd/artyz7_bd/ipshared/af2c/hdl/axi_register_slice_v2_1_vl_rfs.v:1498]
	Parameter C_FAMILY bound to: zynq - type: string 
	Parameter C_DATA_WIDTH bound to: 36 - type: integer 
	Parameter C_REG_CONFIG bound to: 1 - type: integer 
INFO: [Synth 8-6155] done synthesizing module 'axi_register_slice_v2_1_22_axic_register_slice' (8#1) [/home/parallels/artyz7_dsp_2020-2/artyz7_dsp_2020-2.gen/sources_1/bd/artyz7_bd/ipshared/af2c/hdl/axi_register_slice_v2_1_vl_rfs.v:1498]
INFO: [Synth 8-6157] synthesizing module 'generic_baseblocks_v2_1_0_mux_enc__parameterized2' [/home/parallels/artyz7_dsp_2020-2/artyz7_dsp_2020-2.gen/sources_1/bd/artyz7_bd/ipshared/b752/hdl/generic_baseblocks_v2_1_vl_rfs.v:2452]
	Parameter C_FAMILY bound to: rtl - type: string 
	Parameter C_RATIO bound to: 5 - type: integer 
	Parameter C_SEL_WIDTH bound to: 3 - type: integer 
	Parameter C_DATA_WIDTH bound to: 3 - type: integer 
INFO: [Synth 8-6155] done synthesizing module 'generic_baseblocks_v2_1_0_mux_enc__parameterized2' (8#1) [/home/parallels/artyz7_dsp_2020-2/artyz7_dsp_2020-2.gen/sources_1/bd/artyz7_bd/ipshared/b752/hdl/generic_baseblocks_v2_1_vl_rfs.v:2452]
INFO: [Synth 8-6155] done synthesizing module 'axi_crossbar_v2_1_23_crossbar_sasd' (9#1) [/home/parallels/artyz7_dsp_2020-2/artyz7_dsp_2020-2.gen/sources_1/bd/artyz7_bd/ipshared/bc0a/hdl/axi_crossbar_v2_1_vl_rfs.v:1240]
INFO: [Synth 8-6155] done synthesizing module 'axi_crossbar_v2_1_23_axi_crossbar' (10#1) [/home/parallels/artyz7_dsp_2020-2/artyz7_dsp_2020-2.gen/sources_1/bd/artyz7_bd/ipshared/bc0a/hdl/axi_crossbar_v2_1_vl_rfs.v:4884]
INFO: [Synth 8-6155] done synthesizing module 'artyz7_bd_xbar_0' (11#1) [/home/parallels/artyz7_dsp_2020-2/artyz7_dsp_2020-2.gen/sources_1/bd/artyz7_bd/ip/artyz7_bd_xbar_0/synth/artyz7_bd_xbar_0.v:59]
---------------------------------------------------------------------------------
Finished RTL Elaboration : Time (s): cpu = 00:00:13 ; elapsed = 00:00:26 . Memory (MB): peak = 2536.352 ; gain = 83.891 ; free physical = 19855 ; free virtual = 26905
---------------------------------------------------------------------------------
---------------------------------------------------------------------------------
Start Handling Custom Attributes
---------------------------------------------------------------------------------
---------------------------------------------------------------------------------
Finished Handling Custom Attributes : Time (s): cpu = 00:00:14 ; elapsed = 00:00:27 . Memory (MB): peak = 2545.258 ; gain = 92.797 ; free physical = 19847 ; free virtual = 26898
---------------------------------------------------------------------------------
---------------------------------------------------------------------------------
Finished RTL Optimization Phase 1 : Time (s): cpu = 00:00:14 ; elapsed = 00:00:27 . Memory (MB): peak = 2545.258 ; gain = 92.797 ; free physical = 19847 ; free virtual = 26898
---------------------------------------------------------------------------------
Netlist sorting complete. Time (s): cpu = 00:00:00.01 ; elapsed = 00:00:00.01 . Memory (MB): peak = 2545.258 ; gain = 0.000 ; free physical = 19839 ; free virtual = 26890
INFO: [Project 1-570] Preparing netlist for logic optimization

Processing XDC Constraints
Initializing timing engine
Parsing XDC File [/home/parallels/artyz7_dsp_2020-2/artyz7_dsp_2020-2.gen/sources_1/bd/artyz7_bd/ip/artyz7_bd_xbar_0/artyz7_bd_xbar_0_ooc.xdc] for cell 'inst'
Finished Parsing XDC File [/home/parallels/artyz7_dsp_2020-2/artyz7_dsp_2020-2.gen/sources_1/bd/artyz7_bd/ip/artyz7_bd_xbar_0/artyz7_bd_xbar_0_ooc.xdc] for cell 'inst'
Parsing XDC File [/home/parallels/artyz7_dsp_2020-2/artyz7_dsp_2020-2.runs/artyz7_bd_xbar_0_synth_1/dont_touch.xdc]
Finished Parsing XDC File [/home/parallels/artyz7_dsp_2020-2/artyz7_dsp_2020-2.runs/artyz7_bd_xbar_0_synth_1/dont_touch.xdc]
Completed Processing XDC Constraints

Netlist sorting complete. Time (s): cpu = 00:00:00 ; elapsed = 00:00:00 . Memory (MB): peak = 2679.102 ; gain = 0.000 ; free physical = 19725 ; free virtual = 26775
INFO: [Project 1-111] Unisim Transformation Summary:
No Unisim elements were transformed.

Constraint Validation Runtime : Time (s): cpu = 00:00:00.03 ; elapsed = 00:00:00.03 . Memory (MB): peak = 2679.102 ; gain = 0.000 ; free physical = 19724 ; free virtual = 26775
---------------------------------------------------------------------------------
Finished Constraint Validation : Time (s): cpu = 00:00:19 ; elapsed = 00:00:33 . Memory (MB): peak = 2679.102 ; gain = 226.641 ; free physical = 18975 ; free virtual = 26027
---------------------------------------------------------------------------------
---------------------------------------------------------------------------------
Start Loading Part and Timing Information
---------------------------------------------------------------------------------
Loading part: xc7z020clg400-1
---------------------------------------------------------------------------------
Finished Loading Part and Timing Information : Time (s): cpu = 00:00:19 ; elapsed = 00:00:33 . Memory (MB): peak = 2679.102 ; gain = 226.641 ; free physical = 18974 ; free virtual = 26026
---------------------------------------------------------------------------------
---------------------------------------------------------------------------------
Start Applying 'set_property' XDC Constraints
---------------------------------------------------------------------------------
Applied set_property KEEP_HIERARCHY = SOFT for inst. (constraint file  /home/parallels/artyz7_dsp_2020-2/artyz7_dsp_2020-2.runs/artyz7_bd_xbar_0_synth_1/dont_touch.xdc, line 9).
---------------------------------------------------------------------------------
Finished applying 'set_property' XDC Constraints : Time (s): cpu = 00:00:19 ; elapsed = 00:00:33 . Memory (MB): peak = 2679.102 ; gain = 226.641 ; free physical = 18973 ; free virtual = 26025
---------------------------------------------------------------------------------
---------------------------------------------------------------------------------
Finished RTL Optimization Phase 2 : Time (s): cpu = 00:00:19 ; elapsed = 00:00:33 . Memory (MB): peak = 2679.102 ; gain = 226.641 ; free physical = 18935 ; free virtual = 25988
---------------------------------------------------------------------------------
---------------------------------------------------------------------------------
Start RTL Component Statistics 
---------------------------------------------------------------------------------
Detailed RTL Component Info : 
+---Registers : 
	               64 Bit    Registers := 1     
	               36 Bit    Registers := 2     
	                5 Bit    Registers := 1     
	                3 Bit    Registers := 2     
	                2 Bit    Registers := 2     
	                1 Bit    Registers := 14    
+---Muxes : 
	   2 Input   64 Bit        Muxes := 1     
	   2 Input   36 Bit        Muxes := 2     
	   2 Input    5 Bit        Muxes := 1     
	   2 Input    4 Bit        Muxes := 1     
	   2 Input    3 Bit        Muxes := 1     
	   2 Input    2 Bit        Muxes := 1     
	   2 Input    1 Bit        Muxes := 43    
---------------------------------------------------------------------------------
Finished RTL Component Statistics 
---------------------------------------------------------------------------------
---------------------------------------------------------------------------------
Start Part Resource Summary
---------------------------------------------------------------------------------
Part Resources:
DSPs: 220 (col length:60)
BRAMs: 280 (col length: RAMB18 60 RAMB36 30)
---------------------------------------------------------------------------------
Finished Part Resource Summary
---------------------------------------------------------------------------------
---------------------------------------------------------------------------------
Start Cross Boundary and Area Optimization
---------------------------------------------------------------------------------
---------------------------------------------------------------------------------
Finished Cross Boundary and Area Optimization : Time (s): cpu = 00:00:20 ; elapsed = 00:00:34 . Memory (MB): peak = 2679.102 ; gain = 226.641 ; free physical = 19578 ; free virtual = 26634
---------------------------------------------------------------------------------
---------------------------------------------------------------------------------
Start Applying XDC Timing Constraints
---------------------------------------------------------------------------------
---------------------------------------------------------------------------------
Finished Applying XDC Timing Constraints : Time (s): cpu = 00:00:25 ; elapsed = 00:00:39 . Memory (MB): peak = 2679.102 ; gain = 226.641 ; free physical = 19156 ; free virtual = 26214
---------------------------------------------------------------------------------
---------------------------------------------------------------------------------
Start Timing Optimization
---------------------------------------------------------------------------------
---------------------------------------------------------------------------------
Finished Timing Optimization : Time (s): cpu = 00:00:25 ; elapsed = 00:00:39 . Memory (MB): peak = 2679.102 ; gain = 226.641 ; free physical = 19072 ; free virtual = 26130
---------------------------------------------------------------------------------
---------------------------------------------------------------------------------
Start Technology Mapping
---------------------------------------------------------------------------------
---------------------------------------------------------------------------------
Finished Technology Mapping : Time (s): cpu = 00:00:26 ; elapsed = 00:00:39 . Memory (MB): peak = 2679.102 ; gain = 226.641 ; free physical = 19072 ; free virtual = 26130
---------------------------------------------------------------------------------
---------------------------------------------------------------------------------
Start IO Insertion
---------------------------------------------------------------------------------
---------------------------------------------------------------------------------
Start Flattening Before IO Insertion
---------------------------------------------------------------------------------
---------------------------------------------------------------------------------
Finished Flattening Before IO Insertion
---------------------------------------------------------------------------------
---------------------------------------------------------------------------------
Start Final Netlist Cleanup
---------------------------------------------------------------------------------
---------------------------------------------------------------------------------
Finished Final Netlist Cleanup
---------------------------------------------------------------------------------
---------------------------------------------------------------------------------
Finished IO Insertion : Time (s): cpu = 00:00:28 ; elapsed = 00:00:42 . Memory (MB): peak = 2679.102 ; gain = 226.641 ; free physical = 18804 ; free virtual = 25867
---------------------------------------------------------------------------------
---------------------------------------------------------------------------------
Start Renaming Generated Instances
---------------------------------------------------------------------------------
---------------------------------------------------------------------------------
Finished Renaming Generated Instances : Time (s): cpu = 00:00:28 ; elapsed = 00:00:42 . Memory (MB): peak = 2679.102 ; gain = 226.641 ; free physical = 18804 ; free virtual = 25867
---------------------------------------------------------------------------------
---------------------------------------------------------------------------------
Start Rebuilding User Hierarchy
---------------------------------------------------------------------------------
---------------------------------------------------------------------------------
Finished Rebuilding User Hierarchy : Time (s): cpu = 00:00:28 ; elapsed = 00:00:42 . Memory (MB): peak = 2679.102 ; gain = 226.641 ; free physical = 18799 ; free virtual = 25863
---------------------------------------------------------------------------------
---------------------------------------------------------------------------------
Start Renaming Generated Ports
---------------------------------------------------------------------------------
---------------------------------------------------------------------------------
Finished Renaming Generated Ports : Time (s): cpu = 00:00:28 ; elapsed = 00:00:42 . Memory (MB): peak = 2679.102 ; gain = 226.641 ; free physical = 18799 ; free virtual = 25863
---------------------------------------------------------------------------------
---------------------------------------------------------------------------------
Start Handling Custom Attributes
---------------------------------------------------------------------------------
---------------------------------------------------------------------------------
Finished Handling Custom Attributes : Time (s): cpu = 00:00:28 ; elapsed = 00:00:42 . Memory (MB): peak = 2679.102 ; gain = 226.641 ; free physical = 18805 ; free virtual = 25868
---------------------------------------------------------------------------------
---------------------------------------------------------------------------------
Start Renaming Generated Nets
---------------------------------------------------------------------------------
---------------------------------------------------------------------------------
Finished Renaming Generated Nets : Time (s): cpu = 00:00:28 ; elapsed = 00:00:42 . Memory (MB): peak = 2679.102 ; gain = 226.641 ; free physical = 18805 ; free virtual = 25868
---------------------------------------------------------------------------------
---------------------------------------------------------------------------------
Start Writing Synthesis Report
---------------------------------------------------------------------------------

Report BlackBoxes: 
+-+--------------+----------+
| |BlackBox name |Instances |
+-+--------------+----------+
+-+--------------+----------+

Report Cell Usage: 
+------+-----+------+
|      |Cell |Count |
+------+-----+------+
|1     |LUT1 |     1|
|2     |LUT2 |    11|
|3     |LUT3 |    10|
|4     |LUT4 |    55|
|5     |LUT5 |    46|
|6     |LUT6 |    76|
|7     |FDRE |   133|
+------+-----+------+
---------------------------------------------------------------------------------
Finished Writing Synthesis Report : Time (s): cpu = 00:00:28 ; elapsed = 00:00:42 . Memory (MB): peak = 2679.102 ; gain = 226.641 ; free physical = 18804 ; free virtual = 25868
---------------------------------------------------------------------------------
Synthesis finished with 0 errors, 0 critical warnings and 0 warnings.
Synthesis Optimization Runtime : Time (s): cpu = 00:00:26 ; elapsed = 00:00:40 . Memory (MB): peak = 2679.102 ; gain = 92.797 ; free physical = 18796 ; free virtual = 25859
Synthesis Optimization Complete : Time (s): cpu = 00:00:28 ; elapsed = 00:00:42 . Memory (MB): peak = 2679.102 ; gain = 226.641 ; free physical = 18795 ; free virtual = 25858
INFO: [Project 1-571] Translating synthesized netlist
Netlist sorting complete. Time (s): cpu = 00:00:00.01 ; elapsed = 00:00:00.01 . Memory (MB): peak = 2679.102 ; gain = 0.000 ; free physical = 18489 ; free virtual = 25552
INFO: [Project 1-570] Preparing netlist for logic optimization
INFO: [Opt 31-138] Pushed 0 inverter(s) to 0 load pin(s).
Netlist sorting complete. Time (s): cpu = 00:00:00 ; elapsed = 00:00:00 . Memory (MB): peak = 2679.102 ; gain = 0.000 ; free physical = 18057 ; free virtual = 25121
INFO: [Project 1-111] Unisim Transformation Summary:
No Unisim elements were transformed.

INFO: [Common 17-83] Releasing license: Synthesis
48 Infos, 0 Warnings, 0 Critical Warnings and 0 Errors encountered.
synth_design completed successfully
synth_design: Time (s): cpu = 00:00:36 ; elapsed = 00:00:46 . Memory (MB): peak = 2679.102 ; gain = 226.750 ; free physical = 18196 ; free virtual = 25259
INFO: [Common 17-1381] The checkpoint '/home/parallels/artyz7_dsp_2020-2/artyz7_dsp_2020-2.runs/artyz7_bd_xbar_0_synth_1/artyz7_bd_xbar_0.dcp' has been generated.
WARNING: [Common 17-576] 'use_project_ipc' is deprecated. This option is deprecated and no longer used.
INFO: [Coretcl 2-1648] Added synthesis output to IP cache for IP artyz7_bd_xbar_0, cache-ID = 7fe8c1181b4168c0
INFO: [Coretcl 2-1174] Renamed 7 cell refs.
INFO: [Common 17-1381] The checkpoint '/home/parallels/artyz7_dsp_2020-2/artyz7_dsp_2020-2.runs/artyz7_bd_xbar_0_synth_1/artyz7_bd_xbar_0.dcp' has been generated.
INFO: [runtcl-4] Executing : report_utilization -file artyz7_bd_xbar_0_utilization_synth.rpt -pb artyz7_bd_xbar_0_utilization_synth.pb
INFO: [Common 17-206] Exiting Vivado at Fri May 21 13:24:09 2021...
