Nothing to build in platform 'artyz7'

11:51:17 **** Incremental Build of configuration Debug for project dmatest ****
make all 
make: Nothing to be done for 'all'.
11:51:17 **** Incremental Build of configuration Debug for project dmatest_system ****
make all 
Generating bif file for the system project
Executing command '::scw::generate_bif -xpfm /home/parallels/artyz7_dsp_2020-2/vitis_workspace/artyz7/export/artyz7/artyz7.xpfm -domains linux -bifpath /home/parallels/artyz7_dsp_2020-2/vitis_workspace/dmatest_system/Debug/system.bif' on XSCT
sdcard_gen --xpfm /home/parallels/artyz7_dsp_2020-2/vitis_workspace/artyz7/export/artyz7/artyz7.xpfm --sys_config artyz7 --bif /home/parallels/artyz7_dsp_2020-2/vitis_workspace/dmatest_system/Debug/system.bif --bitstream /home/parallels/artyz7_dsp_2020-2/vitis_workspace/dmatest/_ide/bitstream/artyz7_bd_wrapper.bit --sd_file /home/parallels/artyz7_dsp_2020-2/vitis_workspace/dmatest/Debug/dmatest.elf
creating BOOT.BIN using /home/parallels/artyz7_dsp_2020-2/vitis_workspace/dmatest/_ide/bitstream/artyz7_bd_wrapper.bit
Running /tools/Xilinx/Vitis/2020.2/bin/bootgen  -image /home/parallels/artyz7_dsp_2020-2/vitis_workspace/dmatest_system/Debug/sd_card_temp/boot.bif -w -o i BOOT.BIN
11:51:27 **** Incremental Build of configuration Debug for project hello_artyz7 ****
make all 
make --no-print-directory pre-build
a9-linaro-pre-build-step
 
make --no-print-directory main-build
make[1]: Nothing to be done for 'main-build'.
11:51:27 **** Incremental Build of configuration Debug for project hello_artyz7_system ****
make all 
Generating bif file for the system project
Executing command '::scw::generate_bif -xpfm /home/parallels/artyz7_dsp_2020-2/vitis_workspace/artyz7/export/artyz7/artyz7.xpfm -domains standalone_domain -bifpath /home/parallels/artyz7_dsp_2020-2/vitis_workspace/hello_artyz7_system/Debug/system.bif' on XSCT
sdcard_gen --xpfm /home/parallels/artyz7_dsp_2020-2/vitis_workspace/artyz7/export/artyz7/artyz7.xpfm --sys_config artyz7 --bif /home/parallels/artyz7_dsp_2020-2/vitis_workspace/hello_artyz7_system/Debug/system.bif --bitstream /home/parallels/artyz7_dsp_2020-2/vitis_workspace/hello_artyz7/_ide/bitstream/artyz7_bd_wrapper.bit --elf /home/parallels/artyz7_dsp_2020-2/vitis_workspace/hello_artyz7/Debug/hello_artyz7.elf,ps7_cortexa9_0
creating BOOT.BIN using /home/parallels/artyz7_dsp_2020-2/vitis_workspace/hello_artyz7/_ide/bitstream/artyz7_bd_wrapper.bit
Running /tools/Xilinx/Vitis/2020.2/bin/bootgen  -image /home/parallels/artyz7_dsp_2020-2/vitis_workspace/hello_artyz7_system/Debug/sd_card_temp/boot.bif -w -o i BOOT.BIN
